<?xml version="1.0" encoding="UTF-8"?>
<!-- Generated by org.testng.reporters.JUnitReportReporter -->
<testsuite hostname="ASUS_Vivobook" failures="0" tests="2" name="TestNg.DataProviderSenderAndReciver" time="1.522" errors="0" timestamp="2024-05-18T21:36:13 IST" skipped="0">
  <testcase classname="TestNg.DataProviderSenderAndReciver" name="reciver" time="0.967"/>
  <system-out/>
  <testcase classname="TestNg.DataProviderSenderAndReciver" name="reciver" time="0.555"/>
  <system-out/>
</testsuite> <!-- TestNg.DataProviderSenderAndReciver -->
