<?xml version="1.0" encoding="UTF-8"?>
<!-- Generated by org.testng.reporters.JUnitReportReporter -->
<testsuite hostname="ASUS_Vivobook" failures="0" tests="1" name="TestNg.FetchingDataFromExternalFile" time="1.728" errors="0" timestamp="2024-05-18T22:41:16 IST" skipped="0">
  <testcase classname="TestNg.FetchingDataFromExternalFile" name="loginDWS" time="1.728"/>
  <system-out/>
</testsuite> <!-- TestNg.FetchingDataFromExternalFile -->
