<?xml version="1.0" encoding="UTF-8"?>
<!-- Generated by org.testng.reporters.JUnitReportReporter -->
<testsuite hostname="ASUS_Vivobook" failures="0" tests="2" name="dataDrivenTesting.DynamicWay_forFetchingDataFromExterFile_ToDataProvider" time="1.448" errors="0" timestamp="2024-05-18T22:40:59 IST" skipped="0">
  <testcase classname="dataDrivenTesting.DynamicWay_forFetchingDataFromExterFile_ToDataProvider" name="LoginTest" time="0.318"/>
  <system-out/>
  <testcase classname="dataDrivenTesting.DynamicWay_forFetchingDataFromExterFile_ToDataProvider" name="LoginTest" time="1.130"/>
  <system-out/>
</testsuite> <!-- dataDrivenTesting.DynamicWay_forFetchingDataFromExterFile_ToDataProvider -->
